<?xml version="1.0" encoding="UTF-8"?>
<!-- Generated by org.testng.reporters.JUnitReportReporter -->
<testsuite hostname="BOB" name="ultimateqa.ButtonClickTest" tests="2" failures="0" timestamp="3 Jun 2018 18:54:31 GMT" time="23.480" errors="0">
  <testcase name="clickOnButton2" time="2.831" classname="ultimateqa.ButtonClickTest"/>
  <testcase name="clickOnButton1" time="20.649" classname="ultimateqa.ButtonClickTest"/>
</testsuite> <!-- ultimateqa.ButtonClickTest -->
