<?xml version="1.0" encoding="UTF-8"?>
<!-- Generated by org.testng.reporters.JUnitReportReporter -->
<testsuite hostname="BOB" name="ultimateqa.AppTest" tests="1" failures="0" timestamp="3 Jun 2018 18:54:32 GMT" time="0.005" errors="0">
  <testcase name="testApp" time="0.005" classname="ultimateqa.AppTest"/>
</testsuite> <!-- ultimateqa.AppTest -->
