<?xml version="1.0" encoding="UTF-8"?>
<!-- Generated by org.testng.reporters.JUnitReportReporter -->
<testsuite skipped="0" hostname="BOB" name="com.crm.qa.testcases.LoginPageTest" tests="3" failures="0" timestamp="10 Jun 2018 09:01:15 GMT" time="41.865" errors="0">
  <testcase name="checkLoginPageTitle" time="11.265" classname="com.crm.qa.testcases.LoginPageTest"/>
  <testcase name="checkCRMLogo" time="12.632" classname="com.crm.qa.testcases.LoginPageTest"/>
  <testcase name="checkLogin" time="17.968" classname="com.crm.qa.testcases.LoginPageTest"/>
</testsuite> <!-- com.crm.qa.testcases.LoginPageTest -->
