<?xml version="1.0" encoding="UTF-8"?>
<!-- Generated by org.testng.reporters.JUnitReportReporter -->
<testsuite hostname="BOB" name="ultimateqa.ButtonClickTest" tests="2" failures="0" timestamp="3 Jun 2018 18:56:10 GMT" time="19.791" errors="0">
  <testcase name="clickOnButton2" time="3.033" classname="ultimateqa.ButtonClickTest"/>
  <testcase name="clickOnButton1" time="16.758" classname="ultimateqa.ButtonClickTest"/>
</testsuite> <!-- ultimateqa.ButtonClickTest -->
